<?xml version="1.0" encoding="UTF-8"?>
<!-- Generated by org.testng.reporters.JUnitReportReporter -->
<testsuite skipped="0" hostname="DESKTOP-0CPI2F2" name="cucumber.TestRunnerTestNg" tests="2" failures="0" timestamp="2022-07-13T13:51:33 YEKT" time="119.646" errors="0">
  <testcase name="runScenario" time="57.925" classname="cucumber.TestRunnerTestNg"/>
  <system-out/>
  <testcase name="runScenario" time="61.721" classname="cucumber.TestRunnerTestNg"/>
  <system-out/>
</testsuite> <!-- cucumber.TestRunnerTestNg -->
